<?xml version="1.0" encoding="UTF-8"?>
<!-- Generated by org.testng.reporters.JUnitReportReporter -->
<testsuite hostname="My-Home-Machine" failures="0" tests="1" name="JavaMaven.MavenApps.GoogleTest" time="38.409" errors="0" timestamp="30 Sep 2019 17:44:27 GMT">
  <testcase classname="JavaMaven.MavenApps.GoogleTest" name="Search" time="38.409"/>
</testsuite> <!-- JavaMaven.MavenApps.GoogleTest -->
